#
# A fatal error has been detected by the Java Runtime Environment:
#
#  EXCEPTION_ACCESS_VIOLATION (0xc0000005) at pc=0x00007ff9f982d6d2, pid=24704, tid=14276
#
# JRE version: OpenJDK Runtime Environment (11.0.1+13) (build 11.0.1+13)
# Java VM: OpenJDK 64-Bit Server VM (11.0.1+13, mixed mode, tiered, compressed oops, g1 gc, windows-amd64)
# Problematic frame:
# C  [cscore.dll+0x3d6d2]
#
# No core dump will be written. Minidumps are not enabled by default on client versions of Windows
#
# If you would like to submit a bug report, please visit:
#   http://bugreport.java.com/bugreport/crash.jsp
# The crash happened outside the Java Virtual Machine in native code.
# See problematic frame for where to report the bug.
#

---------------  S U M M A R Y ------------

Command Line: -agentlib:jdwp=transport=dt_socket,server=n,suspend=y,address=localhost:60078 -Djava.library.path=C:\Users\Emily\Documents\workspace-emily\Climber_v1\build\tmp\jniExtractDir -Dfile.encoding=UTF-8 frc.robot.Main

Host: Intel(R) Core(TM) i7-7500U CPU @ 2.70GHz, 4 cores, 15G,  Windows 10 , 64 bit Build 17134 (10.0.17134.1)
Time: Sun Feb 17 19:14:24 2019 Pacific Standard Time elapsed time: 0 seconds (0d 0h 0m 0s)

---------------  T H R E A D  ---------------

Current thread (0x00000291edc9b000):  JavaThread "CSListener" daemon [_thread_in_native, id=14276, stack(0x000000a586e00000,0x000000a586f00000)]

Stack: [0x000000a586e00000,0x000000a586f00000],  sp=0x000000a586efedf0,  free space=1019k
Native frames: (J=compiled Java code, j=interpreted, Vv=VM code, C=native code)
C  [cscore.dll+0x3d6d2]

Java frames: (J=compiled Java code, j=interpreted, Vv=VM code)
j  edu.wpi.cscore.CameraServerJNI.getSourceVideoMode(I)Ledu/wpi/cscore/VideoMode;+0
j  edu.wpi.first.cameraserver.CameraServer.lambda$new$0(Ledu/wpi/cscore/VideoEvent;)V+179
j  edu.wpi.first.cameraserver.CameraServer$$Lambda$6.accept(Ljava/lang/Object;)V+8
v  ~StubRoutines::call_stub

siginfo: EXCEPTION_ACCESS_VIOLATION (0xc0000005), reading address 0x0000000000000000


Register to memory mapping:

RIP=0x00007ff9f982d6d2 cscore.dll
RAX=0x00007ff9f9843a60 cscore.dll
RBX=0x000000a586efeed0 is pointing into the stack for thread: 0x00000291edc9b000
RCX=0x0 is NULL
RDX=0x0000000000000526 is an unknown value
RSP=0x000000a586efedf0 is pointing into the stack for thread: 0x00000291edc9b000
RBP=0x000000a586efef70 is pointing into the stack for thread: 0x00000291edc9b000
RSI=0x00000291edd86760 points into unknown readable memory
RDI=0x00000291edd86760 points into unknown readable memory
R8 =0x0 is NULL
R9 =0x0 is NULL
R10=0x00000291d12e5ca7 is at code_begin+1959 in an Interpreter codelet
method entry point (kind = native)  [0x00000291d12e5500, 0x00000291d12e68a0]  5024 bytes
R11=0x00000007119094c0 is an oop
java.lang.Class 
{0x00000007119094c0} - klass: 'java/lang/Class'
R12=0x0 is NULL
R13={method} {0x00000291ecb7f880} 'getSourceVideoMode' '(I)Ledu/wpi/cscore/VideoMode;' in 'edu/wpi/cscore/CameraServerJNI'
R14=0x000000a586efef90 is pointing into the stack for thread: 0x00000291edc9b000
R15=0x00000291edc9b000 is a thread


Registers:
RAX=0x00007ff9f9843a60, RBX=0x000000a586efeed0, RCX=0x0000000000000000, RDX=0x0000000000000526
RSP=0x000000a586efedf0, RBP=0x000000a586efef70, RSI=0x00000291edd86760, RDI=0x00000291edd86760
R8 =0x0000000000000000, R9 =0x0000000000000000, R10=0x00000291d12e5ca7, R11=0x00000007119094c0
R12=0x0000000000000000, R13=0x00000291ecb7f878, R14=0x000000a586efef90, R15=0x00000291edc9b000
RIP=0x00007ff9f982d6d2, EFLAGS=0x0000000000010246

Top of Stack: (sp=0x000000a586efedf0)
0x000000a586efedf0:   000037901dda4025 0000000000000100
0x000000a586efee00:   000000a586efef90 000000a586efee88
0x000000a586efee10:   000000a586efeed8 00007ff9f9803f30
0x000000a586efee20:   0000000041000000 00007ff9e65e098c
0x000000a586efee30:   0000000041000000 00007ffa11db7060
0x000000a586efee40:   fffffffffffffffe 000000a586efef90
0x000000a586efee50:   000000a586efeed0 00007ff9f97feb55
0x000000a586efee60:   0000000041000000 000000a586efeed8
0x000000a586efee70:   000000a586efeed8 00000291edc9b000
0x000000a586efee80:   fffffffffffffffe 00000291ed8fe940
0x000000a586efee90:   00000291ed8fe930 000000000000000c
0x000000a586efeea0:   00000291d12daf6d 00007ffa11db7092
0x000000a586efeeb0:   00000291edc9b340 000000000000000c
0x000000a586efeec0:   00000291d12daf6d 00000291d12e59a1
0x000000a586efeed0:   000000a500000000 00000291ecb7f878
0x000000a586efeee0:   00000291edc9b000 0000f648f04b153b 

Instructions: (pc=0x00007ff9f982d6d2)
0x00007ff9f982d6b2:   5c 24 08 57 48 83 ec 20 48 8b f9 48 8b da 48 8b
0x00007ff9f982d6c2:   89 88 02 00 00 45 33 c9 45 33 c0 ba 26 05 00 00
0x00007ff9f982d6d2:   48 8b 09 ff 15 f5 cb 00 00 89 03 85 c0 75 0e 0f
0x00007ff9f982d6e2:   b6 47 08 84 c0 75 13 c7 03 2b f8 ff ff 32 c0 48 



---------------  P R O C E S S  ---------------

Threads class SMR info:
_java_thread_list=0x00000291ed8fdf70, length=18, elements={
0x00000291c8f63800, 0x00000291ecf97800, 0x00000291ecf99800, 0x00000291ecfee000,
0x00000291ecff1000, 0x00000291ecff3000, 0x00000291ecff7000, 0x00000291ed003800,
0x00000291ed182000, 0x00000291ed185800, 0x00000291ed188000, 0x00000291ed198000,
0x00000291ed1a5000, 0x00000291ed779800, 0x00000291ed77e000, 0x00000291ed8f2800,
0x00000291edc9b000, 0x00000291edd97800
}

Java Threads: ( => current thread )
  0x00000291c8f63800 JavaThread "main" [_thread_in_native, id=29112, stack(0x000000a584f00000,0x000000a585000000)]
  0x00000291ecf97800 JavaThread "Reference Handler" daemon [_thread_blocked, id=24124, stack(0x000000a585600000,0x000000a585700000)]
  0x00000291ecf99800 JavaThread "Finalizer" daemon [_thread_blocked, id=27516, stack(0x000000a585700000,0x000000a585800000)]
  0x00000291ecfee000 JavaThread "Signal Dispatcher" daemon [_thread_blocked, id=25292, stack(0x000000a585800000,0x000000a585900000)]
  0x00000291ecff1000 JavaThread "Attach Listener" daemon [_thread_blocked, id=28228, stack(0x000000a585900000,0x000000a585a00000)]
  0x00000291ecff3000 JavaThread "C2 CompilerThread0" daemon [_thread_blocked, id=22504, stack(0x000000a585a00000,0x000000a585b00000)]
  0x00000291ecff7000 JavaThread "C1 CompilerThread0" daemon [_thread_blocked, id=25000, stack(0x000000a585b00000,0x000000a585c00000)]
  0x00000291ed003800 JavaThread "Sweeper thread" daemon [_thread_blocked, id=8092, stack(0x000000a585c00000,0x000000a585d00000)]
  0x00000291ed182000 JavaThread "JDWP Transport Listener: dt_socket" daemon [_thread_blocked, id=29084, stack(0x000000a585d00000,0x000000a585e00000)]
  0x00000291ed185800 JavaThread "JDWP Event Helper Thread" daemon [_thread_blocked, id=28476, stack(0x000000a585e00000,0x000000a585f00000)]
  0x00000291ed188000 JavaThread "JDWP Command Reader" daemon [_thread_in_native, id=29176, stack(0x000000a585f00000,0x000000a586000000)]
  0x00000291ed198000 JavaThread "Service Thread" daemon [_thread_blocked, id=23672, stack(0x000000a586000000,0x000000a586100000)]
  0x00000291ed1a5000 JavaThread "Common-Cleaner" daemon [_thread_blocked, id=25236, stack(0x000000a586200000,0x000000a586300000)]
  0x00000291ed779800 JavaThread "FRCDriverStation" [_thread_in_native, id=19916, stack(0x000000a586800000,0x000000a586900000)]
  0x00000291ed77e000 JavaThread "Thread-0" daemon [_thread_blocked, id=7704, stack(0x000000a586900000,0x000000a586a00000)]
  0x00000291ed8f2800 JavaThread "Thread-1" daemon [_thread_in_native, id=25588, stack(0x000000a586d00000,0x000000a586e00000)]
=>0x00000291edc9b000 JavaThread "CSListener" daemon [_thread_in_native, id=14276, stack(0x000000a586e00000,0x000000a586f00000)]
  0x00000291edd97800 JavaThread "NTEntryListener" daemon [_thread_in_native, id=20108, stack(0x000000a587100000,0x000000a587200000)]

Other Threads:
  0x00000291ecf73800 VMThread "VM Thread" [stack: 0x000000a585500000,0x000000a585600000] [id=28660]
  0x00000291ed1a0800 WatcherThread [stack: 0x000000a586100000,0x000000a586200000] [id=22648]
  0x00000291c8f7c000 GCTaskThread "GC Thread#0" [stack: 0x000000a585000000,0x000000a585100000] [id=29032]
  0x00000291c8fd8800 ConcurrentGCThread "G1 Main Marker" [stack: 0x000000a585100000,0x000000a585200000] [id=7240]
  0x00000291c8fd9800 ConcurrentGCThread "G1 Conc#0" [stack: 0x000000a585200000,0x000000a585300000] [id=27440]
  0x00000291ec5d3800 ConcurrentGCThread "G1 Refine#0" [stack: 0x000000a585300000,0x000000a585400000] [id=27848]
  0x00000291ec5d7800 ConcurrentGCThread "G1 Young RemSet Sampling" [stack: 0x000000a585400000,0x000000a585500000] [id=4624]

Threads with active compile tasks:

VM state:not at safepoint (normal execution)

VM Mutex/Monitor currently owned by a thread: None

Heap address: 0x0000000701c00000, size: 4068 MB, Compressed Oops mode: Zero based, Oop shift amount: 3
Narrow klass base: 0x0000000800000000, Narrow klass shift: 0
Compressed class space size: 1073741824 Address: 0x0000000800000000

Heap:
 garbage-first heap   total 262144K, used 5120K [0x0000000701c00000, 0x0000000800000000)
  region size 1024K, 6 young (6144K), 0 survivors (0K)
 Metaspace       used 7041K, capacity 7125K, committed 7424K, reserved 1056768K
  class space    used 611K, capacity 655K, committed 768K, reserved 1048576K
Heap Regions: E=young(eden), S=young(survivor), O=old, HS=humongous(starts), HC=humongous(continues), CS=collection set, F=free, A=archive, TAMS=top-at-mark-start (previous, next)
|   0|0x0000000701c00000, 0x0000000701c00000, 0x0000000701d00000|  0%| F|  |TAMS 0x0000000701c00000, 0x0000000701c00000| Untracked 
|   1|0x0000000701d00000, 0x0000000701d00000, 0x0000000701e00000|  0%| F|  |TAMS 0x0000000701d00000, 0x0000000701d00000| Untracked 
|   2|0x0000000701e00000, 0x0000000701e00000, 0x0000000701f00000|  0%| F|  |TAMS 0x0000000701e00000, 0x0000000701e00000| Untracked 
|   3|0x0000000701f00000, 0x0000000701f00000, 0x0000000702000000|  0%| F|  |TAMS 0x0000000701f00000, 0x0000000701f00000| Untracked 
|   4|0x0000000702000000, 0x0000000702000000, 0x0000000702100000|  0%| F|  |TAMS 0x0000000702000000, 0x0000000702000000| Untracked 
|   5|0x0000000702100000, 0x0000000702100000, 0x0000000702200000|  0%| F|  |TAMS 0x0000000702100000, 0x0000000702100000| Untracked 
|   6|0x0000000702200000, 0x0000000702200000, 0x0000000702300000|  0%| F|  |TAMS 0x0000000702200000, 0x0000000702200000| Untracked 
|   7|0x0000000702300000, 0x0000000702300000, 0x0000000702400000|  0%| F|  |TAMS 0x0000000702300000, 0x0000000702300000| Untracked 
|   8|0x0000000702400000, 0x0000000702400000, 0x0000000702500000|  0%| F|  |TAMS 0x0000000702400000, 0x0000000702400000| Untracked 
|   9|0x0000000702500000, 0x0000000702500000, 0x0000000702600000|  0%| F|  |TAMS 0x0000000702500000, 0x0000000702500000| Untracked 
|  10|0x0000000702600000, 0x0000000702600000, 0x0000000702700000|  0%| F|  |TAMS 0x0000000702600000, 0x0000000702600000| Untracked 
|  11|0x0000000702700000, 0x0000000702700000, 0x0000000702800000|  0%| F|  |TAMS 0x0000000702700000, 0x0000000702700000| Untracked 
|  12|0x0000000702800000, 0x0000000702800000, 0x0000000702900000|  0%| F|  |TAMS 0x0000000702800000, 0x0000000702800000| Untracked 
|  13|0x0000000702900000, 0x0000000702900000, 0x0000000702a00000|  0%| F|  |TAMS 0x0000000702900000, 0x0000000702900000| Untracked 
|  14|0x0000000702a00000, 0x0000000702a00000, 0x0000000702b00000|  0%| F|  |TAMS 0x0000000702a00000, 0x0000000702a00000| Untracked 
|  15|0x0000000702b00000, 0x0000000702b00000, 0x0000000702c00000|  0%| F|  |TAMS 0x0000000702b00000, 0x0000000702b00000| Untracked 
|  16|0x0000000702c00000, 0x0000000702c00000, 0x0000000702d00000|  0%| F|  |TAMS 0x0000000702c00000, 0x0000000702c00000| Untracked 
|  17|0x0000000702d00000, 0x0000000702d00000, 0x0000000702e00000|  0%| F|  |TAMS 0x0000000702d00000, 0x0000000702d00000| Untracked 
|  18|0x0000000702e00000, 0x0000000702e00000, 0x0000000702f00000|  0%| F|  |TAMS 0x0000000702e00000, 0x0000000702e00000| Untracked 
|  19|0x0000000702f00000, 0x0000000702f00000, 0x0000000703000000|  0%| F|  |TAMS 0x0000000702f00000, 0x0000000702f00000| Untracked 
|  20|0x0000000703000000, 0x0000000703000000, 0x0000000703100000|  0%| F|  |TAMS 0x0000000703000000, 0x0000000703000000| Untracked 
|  21|0x0000000703100000, 0x0000000703100000, 0x0000000703200000|  0%| F|  |TAMS 0x0000000703100000, 0x0000000703100000| Untracked 
|  22|0x0000000703200000, 0x0000000703200000, 0x0000000703300000|  0%| F|  |TAMS 0x0000000703200000, 0x0000000703200000| Untracked 
|  23|0x0000000703300000, 0x0000000703300000, 0x0000000703400000|  0%| F|  |TAMS 0x0000000703300000, 0x0000000703300000| Untracked 
|  24|0x0000000703400000, 0x0000000703400000, 0x0000000703500000|  0%| F|  |TAMS 0x0000000703400000, 0x0000000703400000| Untracked 
|  25|0x0000000703500000, 0x0000000703500000, 0x0000000703600000|  0%| F|  |TAMS 0x0000000703500000, 0x0000000703500000| Untracked 
|  26|0x0000000703600000, 0x0000000703600000, 0x0000000703700000|  0%| F|  |TAMS 0x0000000703600000, 0x0000000703600000| Untracked 
|  27|0x0000000703700000, 0x0000000703700000, 0x0000000703800000|  0%| F|  |TAMS 0x0000000703700000, 0x0000000703700000| Untracked 
|  28|0x0000000703800000, 0x0000000703800000, 0x0000000703900000|  0%| F|  |TAMS 0x0000000703800000, 0x0000000703800000| Untracked 
|  29|0x0000000703900000, 0x0000000703900000, 0x0000000703a00000|  0%| F|  |TAMS 0x0000000703900000, 0x0000000703900000| Untracked 
|  30|0x0000000703a00000, 0x0000000703a00000, 0x0000000703b00000|  0%| F|  |TAMS 0x0000000703a00000, 0x0000000703a00000| Untracked 
|  31|0x0000000703b00000, 0x0000000703b00000, 0x0000000703c00000|  0%| F|  |TAMS 0x0000000703b00000, 0x0000000703b00000| Untracked 
|  32|0x0000000703c00000, 0x0000000703c00000, 0x0000000703d00000|  0%| F|  |TAMS 0x0000000703c00000, 0x0000000703c00000| Untracked 
|  33|0x0000000703d00000, 0x0000000703d00000, 0x0000000703e00000|  0%| F|  |TAMS 0x0000000703d00000, 0x0000000703d00000| Untracked 
|  34|0x0000000703e00000, 0x0000000703e00000, 0x0000000703f00000|  0%| F|  |TAMS 0x0000000703e00000, 0x0000000703e00000| Untracked 
|  35|0x0000000703f00000, 0x0000000703f00000, 0x0000000704000000|  0%| F|  |TAMS 0x0000000703f00000, 0x0000000703f00000| Untracked 
|  36|0x0000000704000000, 0x0000000704000000, 0x0000000704100000|  0%| F|  |TAMS 0x0000000704000000, 0x0000000704000000| Untracked 
|  37|0x0000000704100000, 0x0000000704100000, 0x0000000704200000|  0%| F|  |TAMS 0x0000000704100000, 0x0000000704100000| Untracked 
|  38|0x0000000704200000, 0x0000000704200000, 0x0000000704300000|  0%| F|  |TAMS 0x0000000704200000, 0x0000000704200000| Untracked 
|  39|0x0000000704300000, 0x0000000704300000, 0x0000000704400000|  0%| F|  |TAMS 0x0000000704300000, 0x0000000704300000| Untracked 
|  40|0x0000000704400000, 0x0000000704400000, 0x0000000704500000|  0%| F|  |TAMS 0x0000000704400000, 0x0000000704400000| Untracked 
|  41|0x0000000704500000, 0x0000000704500000, 0x0000000704600000|  0%| F|  |TAMS 0x0000000704500000, 0x0000000704500000| Untracked 
|  42|0x0000000704600000, 0x0000000704600000, 0x0000000704700000|  0%| F|  |TAMS 0x0000000704600000, 0x0000000704600000| Untracked 
|  43|0x0000000704700000, 0x0000000704700000, 0x0000000704800000|  0%| F|  |TAMS 0x0000000704700000, 0x0000000704700000| Untracked 
|  44|0x0000000704800000, 0x0000000704800000, 0x0000000704900000|  0%| F|  |TAMS 0x0000000704800000, 0x0000000704800000| Untracked 
|  45|0x0000000704900000, 0x0000000704900000, 0x0000000704a00000|  0%| F|  |TAMS 0x0000000704900000, 0x0000000704900000| Untracked 
|  46|0x0000000704a00000, 0x0000000704a00000, 0x0000000704b00000|  0%| F|  |TAMS 0x0000000704a00000, 0x0000000704a00000| Untracked 
|  47|0x0000000704b00000, 0x0000000704b00000, 0x0000000704c00000|  0%| F|  |TAMS 0x0000000704b00000, 0x0000000704b00000| Untracked 
|  48|0x0000000704c00000, 0x0000000704c00000, 0x0000000704d00000|  0%| F|  |TAMS 0x0000000704c00000, 0x0000000704c00000| Untracked 
|  49|0x0000000704d00000, 0x0000000704d00000, 0x0000000704e00000|  0%| F|  |TAMS 0x0000000704d00000, 0x0000000704d00000| Untracked 
|  50|0x0000000704e00000, 0x0000000704e00000, 0x0000000704f00000|  0%| F|  |TAMS 0x0000000704e00000, 0x0000000704e00000| Untracked 
|  51|0x0000000704f00000, 0x0000000704f00000, 0x0000000705000000|  0%| F|  |TAMS 0x0000000704f00000, 0x0000000704f00000| Untracked 
|  52|0x0000000705000000, 0x0000000705000000, 0x0000000705100000|  0%| F|  |TAMS 0x0000000705000000, 0x0000000705000000| Untracked 
|  53|0x0000000705100000, 0x0000000705100000, 0x0000000705200000|  0%| F|  |TAMS 0x0000000705100000, 0x0000000705100000| Untracked 
|  54|0x0000000705200000, 0x0000000705200000, 0x0000000705300000|  0%| F|  |TAMS 0x0000000705200000, 0x0000000705200000| Untracked 
|  55|0x0000000705300000, 0x0000000705300000, 0x0000000705400000|  0%| F|  |TAMS 0x0000000705300000, 0x0000000705300000| Untracked 
|  56|0x0000000705400000, 0x0000000705400000, 0x0000000705500000|  0%| F|  |TAMS 0x0000000705400000, 0x0000000705400000| Untracked 
|  57|0x0000000705500000, 0x0000000705500000, 0x0000000705600000|  0%| F|  |TAMS 0x0000000705500000, 0x0000000705500000| Untracked 
|  58|0x0000000705600000, 0x0000000705600000, 0x0000000705700000|  0%| F|  |TAMS 0x0000000705600000, 0x0000000705600000| Untracked 
|  59|0x0000000705700000, 0x0000000705700000, 0x0000000705800000|  0%| F|  |TAMS 0x0000000705700000, 0x0000000705700000| Untracked 
|  60|0x0000000705800000, 0x0000000705800000, 0x0000000705900000|  0%| F|  |TAMS 0x0000000705800000, 0x0000000705800000| Untracked 
|  61|0x0000000705900000, 0x0000000705900000, 0x0000000705a00000|  0%| F|  |TAMS 0x0000000705900000, 0x0000000705900000| Untracked 
|  62|0x0000000705a00000, 0x0000000705a00000, 0x0000000705b00000|  0%| F|  |TAMS 0x0000000705a00000, 0x0000000705a00000| Untracked 
|  63|0x0000000705b00000, 0x0000000705b00000, 0x0000000705c00000|  0%| F|  |TAMS 0x0000000705b00000, 0x0000000705b00000| Untracked 
|  64|0x0000000705c00000, 0x0000000705c00000, 0x0000000705d00000|  0%| F|  |TAMS 0x0000000705c00000, 0x0000000705c00000| Untracked 
|  65|0x0000000705d00000, 0x0000000705d00000, 0x0000000705e00000|  0%| F|  |TAMS 0x0000000705d00000, 0x0000000705d00000| Untracked 
|  66|0x0000000705e00000, 0x0000000705e00000, 0x0000000705f00000|  0%| F|  |TAMS 0x0000000705e00000, 0x0000000705e00000| Untracked 
|  67|0x0000000705f00000, 0x0000000705f00000, 0x0000000706000000|  0%| F|  |TAMS 0x0000000705f00000, 0x0000000705f00000| Untracked 
|  68|0x0000000706000000, 0x0000000706000000, 0x0000000706100000|  0%| F|  |TAMS 0x0000000706000000, 0x0000000706000000| Untracked 
|  69|0x0000000706100000, 0x0000000706100000, 0x0000000706200000|  0%| F|  |TAMS 0x0000000706100000, 0x0000000706100000| Untracked 
|  70|0x0000000706200000, 0x0000000706200000, 0x0000000706300000|  0%| F|  |TAMS 0x0000000706200000, 0x0000000706200000| Untracked 
|  71|0x0000000706300000, 0x0000000706300000, 0x0000000706400000|  0%| F|  |TAMS 0x0000000706300000, 0x0000000706300000| Untracked 
|  72|0x0000000706400000, 0x0000000706400000, 0x0000000706500000|  0%| F|  |TAMS 0x0000000706400000, 0x0000000706400000| Untracked 
|  73|0x0000000706500000, 0x0000000706500000, 0x0000000706600000|  0%| F|  |TAMS 0x0000000706500000, 0x0000000706500000| Untracked 
|  74|0x0000000706600000, 0x0000000706600000, 0x0000000706700000|  0%| F|  |TAMS 0x0000000706600000, 0x0000000706600000| Untracked 
|  75|0x0000000706700000, 0x0000000706700000, 0x0000000706800000|  0%| F|  |TAMS 0x0000000706700000, 0x0000000706700000| Untracked 
|  76|0x0000000706800000, 0x0000000706800000, 0x0000000706900000|  0%| F|  |TAMS 0x0000000706800000, 0x0000000706800000| Untracked 
|  77|0x0000000706900000, 0x0000000706900000, 0x0000000706a00000|  0%| F|  |TAMS 0x0000000706900000, 0x0000000706900000| Untracked 
|  78|0x0000000706a00000, 0x0000000706a00000, 0x0000000706b00000|  0%| F|  |TAMS 0x0000000706a00000, 0x0000000706a00000| Untracked 
|  79|0x0000000706b00000, 0x0000000706b00000, 0x0000000706c00000|  0%| F|  |TAMS 0x0000000706b00000, 0x0000000706b00000| Untracked 
|  80|0x0000000706c00000, 0x0000000706c00000, 0x0000000706d00000|  0%| F|  |TAMS 0x0000000706c00000, 0x0000000706c00000| Untracked 
|  81|0x0000000706d00000, 0x0000000706d00000, 0x0000000706e00000|  0%| F|  |TAMS 0x0000000706d00000, 0x0000000706d00000| Untracked 
|  82|0x0000000706e00000, 0x0000000706e00000, 0x0000000706f00000|  0%| F|  |TAMS 0x0000000706e00000, 0x0000000706e00000| Untracked 
|  83|0x0000000706f00000, 0x0000000706f00000, 0x0000000707000000|  0%| F|  |TAMS 0x0000000706f00000, 0x0000000706f00000| Untracked 
|  84|0x0000000707000000, 0x0000000707000000, 0x0000000707100000|  0%| F|  |TAMS 0x0000000707000000, 0x0000000707000000| Untracked 
|  85|0x0000000707100000, 0x0000000707100000, 0x0000000707200000|  0%| F|  |TAMS 0x0000000707100000, 0x0000000707100000| Untracked 
|  86|0x0000000707200000, 0x0000000707200000, 0x0000000707300000|  0%| F|  |TAMS 0x0000000707200000, 0x0000000707200000| Untracked 
|  87|0x0000000707300000, 0x0000000707300000, 0x0000000707400000|  0%| F|  |TAMS 0x0000000707300000, 0x0000000707300000| Untracked 
|  88|0x0000000707400000, 0x0000000707400000, 0x0000000707500000|  0%| F|  |TAMS 0x0000000707400000, 0x0000000707400000| Untracked 
|  89|0x0000000707500000, 0x0000000707500000, 0x0000000707600000|  0%| F|  |TAMS 0x0000000707500000, 0x0000000707500000| Untracked 
|  90|0x0000000707600000, 0x0000000707600000, 0x0000000707700000|  0%| F|  |TAMS 0x0000000707600000, 0x0000000707600000| Untracked 
|  91|0x0000000707700000, 0x0000000707700000, 0x0000000707800000|  0%| F|  |TAMS 0x0000000707700000, 0x0000000707700000| Untracked 
|  92|0x0000000707800000, 0x0000000707800000, 0x0000000707900000|  0%| F|  |TAMS 0x0000000707800000, 0x0000000707800000| Untracked 
|  93|0x0000000707900000, 0x0000000707900000, 0x0000000707a00000|  0%| F|  |TAMS 0x0000000707900000, 0x0000000707900000| Untracked 
|  94|0x0000000707a00000, 0x0000000707a00000, 0x0000000707b00000|  0%| F|  |TAMS 0x0000000707a00000, 0x0000000707a00000| Untracked 
|  95|0x0000000707b00000, 0x0000000707b00000, 0x0000000707c00000|  0%| F|  |TAMS 0x0000000707b00000, 0x0000000707b00000| Untracked 
|  96|0x0000000707c00000, 0x0000000707c00000, 0x0000000707d00000|  0%| F|  |TAMS 0x0000000707c00000, 0x0000000707c00000| Untracked 
|  97|0x0000000707d00000, 0x0000000707d00000, 0x0000000707e00000|  0%| F|  |TAMS 0x0000000707d00000, 0x0000000707d00000| Untracked 
|  98|0x0000000707e00000, 0x0000000707e00000, 0x0000000707f00000|  0%| F|  |TAMS 0x0000000707e00000, 0x0000000707e00000| Untracked 
|  99|0x0000000707f00000, 0x0000000707f00000, 0x0000000708000000|  0%| F|  |TAMS 0x0000000707f00000, 0x0000000707f00000| Untracked 
| 100|0x0000000708000000, 0x0000000708000000, 0x0000000708100000|  0%| F|  |TAMS 0x0000000708000000, 0x0000000708000000| Untracked 
| 101|0x0000000708100000, 0x0000000708100000, 0x0000000708200000|  0%| F|  |TAMS 0x0000000708100000, 0x0000000708100000| Untracked 
| 102|0x0000000708200000, 0x0000000708200000, 0x0000000708300000|  0%| F|  |TAMS 0x0000000708200000, 0x0000000708200000| Untracked 
| 103|0x0000000708300000, 0x0000000708300000, 0x0000000708400000|  0%| F|  |TAMS 0x0000000708300000, 0x0000000708300000| Untracked 
| 104|0x0000000708400000, 0x0000000708400000, 0x0000000708500000|  0%| F|  |TAMS 0x0000000708400000, 0x0000000708400000| Untracked 
| 105|0x0000000708500000, 0x0000000708500000, 0x0000000708600000|  0%| F|  |TAMS 0x0000000708500000, 0x0000000708500000| Untracked 
| 106|0x0000000708600000, 0x0000000708600000, 0x0000000708700000|  0%| F|  |TAMS 0x0000000708600000, 0x0000000708600000| Untracked 
| 107|0x0000000708700000, 0x0000000708700000, 0x0000000708800000|  0%| F|  |TAMS 0x0000000708700000, 0x0000000708700000| Untracked 
| 108|0x0000000708800000, 0x0000000708800000, 0x0000000708900000|  0%| F|  |TAMS 0x0000000708800000, 0x0000000708800000| Untracked 
| 109|0x0000000708900000, 0x0000000708900000, 0x0000000708a00000|  0%| F|  |TAMS 0x0000000708900000, 0x0000000708900000| Untracked 
| 110|0x0000000708a00000, 0x0000000708a00000, 0x0000000708b00000|  0%| F|  |TAMS 0x0000000708a00000, 0x0000000708a00000| Untracked 
| 111|0x0000000708b00000, 0x0000000708b00000, 0x0000000708c00000|  0%| F|  |TAMS 0x0000000708b00000, 0x0000000708b00000| Untracked 
| 112|0x0000000708c00000, 0x0000000708c00000, 0x0000000708d00000|  0%| F|  |TAMS 0x0000000708c00000, 0x0000000708c00000| Untracked 
| 113|0x0000000708d00000, 0x0000000708d00000, 0x0000000708e00000|  0%| F|  |TAMS 0x0000000708d00000, 0x0000000708d00000| Untracked 
| 114|0x0000000708e00000, 0x0000000708e00000, 0x0000000708f00000|  0%| F|  |TAMS 0x0000000708e00000, 0x0000000708e00000| Untracked 
| 115|0x0000000708f00000, 0x0000000708f00000, 0x0000000709000000|  0%| F|  |TAMS 0x0000000708f00000, 0x0000000708f00000| Untracked 
| 116|0x0000000709000000, 0x0000000709000000, 0x0000000709100000|  0%| F|  |TAMS 0x0000000709000000, 0x0000000709000000| Untracked 
| 117|0x0000000709100000, 0x0000000709100000, 0x0000000709200000|  0%| F|  |TAMS 0x0000000709100000, 0x0000000709100000| Untracked 
| 118|0x0000000709200000, 0x0000000709200000, 0x0000000709300000|  0%| F|  |TAMS 0x0000000709200000, 0x0000000709200000| Untracked 
| 119|0x0000000709300000, 0x0000000709300000, 0x0000000709400000|  0%| F|  |TAMS 0x0000000709300000, 0x0000000709300000| Untracked 
| 120|0x0000000709400000, 0x0000000709400000, 0x0000000709500000|  0%| F|  |TAMS 0x0000000709400000, 0x0000000709400000| Untracked 
| 121|0x0000000709500000, 0x0000000709500000, 0x0000000709600000|  0%| F|  |TAMS 0x0000000709500000, 0x0000000709500000| Untracked 
| 122|0x0000000709600000, 0x0000000709600000, 0x0000000709700000|  0%| F|  |TAMS 0x0000000709600000, 0x0000000709600000| Untracked 
| 123|0x0000000709700000, 0x0000000709700000, 0x0000000709800000|  0%| F|  |TAMS 0x0000000709700000, 0x0000000709700000| Untracked 
| 124|0x0000000709800000, 0x0000000709800000, 0x0000000709900000|  0%| F|  |TAMS 0x0000000709800000, 0x0000000709800000| Untracked 
| 125|0x0000000709900000, 0x0000000709900000, 0x0000000709a00000|  0%| F|  |TAMS 0x0000000709900000, 0x0000000709900000| Untracked 
| 126|0x0000000709a00000, 0x0000000709a00000, 0x0000000709b00000|  0%| F|  |TAMS 0x0000000709a00000, 0x0000000709a00000| Untracked 
| 127|0x0000000709b00000, 0x0000000709b00000, 0x0000000709c00000|  0%| F|  |TAMS 0x0000000709b00000, 0x0000000709b00000| Untracked 
| 128|0x0000000709c00000, 0x0000000709c00000, 0x0000000709d00000|  0%| F|  |TAMS 0x0000000709c00000, 0x0000000709c00000| Untracked 
| 129|0x0000000709d00000, 0x0000000709d00000, 0x0000000709e00000|  0%| F|  |TAMS 0x0000000709d00000, 0x0000000709d00000| Untracked 
| 130|0x0000000709e00000, 0x0000000709e00000, 0x0000000709f00000|  0%| F|  |TAMS 0x0000000709e00000, 0x0000000709e00000| Untracked 
| 131|0x0000000709f00000, 0x0000000709f00000, 0x000000070a000000|  0%| F|  |TAMS 0x0000000709f00000, 0x0000000709f00000| Untracked 
| 132|0x000000070a000000, 0x000000070a000000, 0x000000070a100000|  0%| F|  |TAMS 0x000000070a000000, 0x000000070a000000| Untracked 
| 133|0x000000070a100000, 0x000000070a100000, 0x000000070a200000|  0%| F|  |TAMS 0x000000070a100000, 0x000000070a100000| Untracked 
| 134|0x000000070a200000, 0x000000070a200000, 0x000000070a300000|  0%| F|  |TAMS 0x000000070a200000, 0x000000070a200000| Untracked 
| 135|0x000000070a300000, 0x000000070a300000, 0x000000070a400000|  0%| F|  |TAMS 0x000000070a300000, 0x000000070a300000| Untracked 
| 136|0x000000070a400000, 0x000000070a400000, 0x000000070a500000|  0%| F|  |TAMS 0x000000070a400000, 0x000000070a400000| Untracked 
| 137|0x000000070a500000, 0x000000070a500000, 0x000000070a600000|  0%| F|  |TAMS 0x000000070a500000, 0x000000070a500000| Untracked 
| 138|0x000000070a600000, 0x000000070a600000, 0x000000070a700000|  0%| F|  |TAMS 0x000000070a600000, 0x000000070a600000| Untracked 
| 139|0x000000070a700000, 0x000000070a700000, 0x000000070a800000|  0%| F|  |TAMS 0x000000070a700000, 0x000000070a700000| Untracked 
| 140|0x000000070a800000, 0x000000070a800000, 0x000000070a900000|  0%| F|  |TAMS 0x000000070a800000, 0x000000070a800000| Untracked 
| 141|0x000000070a900000, 0x000000070a900000, 0x000000070aa00000|  0%| F|  |TAMS 0x000000070a900000, 0x000000070a900000| Untracked 
| 142|0x000000070aa00000, 0x000000070aa00000, 0x000000070ab00000|  0%| F|  |TAMS 0x000000070aa00000, 0x000000070aa00000| Untracked 
| 143|0x000000070ab00000, 0x000000070ab00000, 0x000000070ac00000|  0%| F|  |TAMS 0x000000070ab00000, 0x000000070ab00000| Untracked 
| 144|0x000000070ac00000, 0x000000070ac00000, 0x000000070ad00000|  0%| F|  |TAMS 0x000000070ac00000, 0x000000070ac00000| Untracked 
| 145|0x000000070ad00000, 0x000000070ad00000, 0x000000070ae00000|  0%| F|  |TAMS 0x000000070ad00000, 0x000000070ad00000| Untracked 
| 146|0x000000070ae00000, 0x000000070ae00000, 0x000000070af00000|  0%| F|  |TAMS 0x000000070ae00000, 0x000000070ae00000| Untracked 
| 147|0x000000070af00000, 0x000000070af00000, 0x000000070b000000|  0%| F|  |TAMS 0x000000070af00000, 0x000000070af00000| Untracked 
| 148|0x000000070b000000, 0x000000070b000000, 0x000000070b100000|  0%| F|  |TAMS 0x000000070b000000, 0x000000070b000000| Untracked 
| 149|0x000000070b100000, 0x000000070b100000, 0x000000070b200000|  0%| F|  |TAMS 0x000000070b100000, 0x000000070b100000| Untracked 
| 150|0x000000070b200000, 0x000000070b200000, 0x000000070b300000|  0%| F|  |TAMS 0x000000070b200000, 0x000000070b200000| Untracked 
| 151|0x000000070b300000, 0x000000070b300000, 0x000000070b400000|  0%| F|  |TAMS 0x000000070b300000, 0x000000070b300000| Untracked 
| 152|0x000000070b400000, 0x000000070b400000, 0x000000070b500000|  0%| F|  |TAMS 0x000000070b400000, 0x000000070b400000| Untracked 
| 153|0x000000070b500000, 0x000000070b500000, 0x000000070b600000|  0%| F|  |TAMS 0x000000070b500000, 0x000000070b500000| Untracked 
| 154|0x000000070b600000, 0x000000070b600000, 0x000000070b700000|  0%| F|  |TAMS 0x000000070b600000, 0x000000070b600000| Untracked 
| 155|0x000000070b700000, 0x000000070b700000, 0x000000070b800000|  0%| F|  |TAMS 0x000000070b700000, 0x000000070b700000| Untracked 
| 156|0x000000070b800000, 0x000000070b800000, 0x000000070b900000|  0%| F|  |TAMS 0x000000070b800000, 0x000000070b800000| Untracked 
| 157|0x000000070b900000, 0x000000070b900000, 0x000000070ba00000|  0%| F|  |TAMS 0x000000070b900000, 0x000000070b900000| Untracked 
| 158|0x000000070ba00000, 0x000000070ba00000, 0x000000070bb00000|  0%| F|  |TAMS 0x000000070ba00000, 0x000000070ba00000| Untracked 
| 159|0x000000070bb00000, 0x000000070bb00000, 0x000000070bc00000|  0%| F|  |TAMS 0x000000070bb00000, 0x000000070bb00000| Untracked 
| 160|0x000000070bc00000, 0x000000070bc00000, 0x000000070bd00000|  0%| F|  |TAMS 0x000000070bc00000, 0x000000070bc00000| Untracked 
| 161|0x000000070bd00000, 0x000000070bd00000, 0x000000070be00000|  0%| F|  |TAMS 0x000000070bd00000, 0x000000070bd00000| Untracked 
| 162|0x000000070be00000, 0x000000070be00000, 0x000000070bf00000|  0%| F|  |TAMS 0x000000070be00000, 0x000000070be00000| Untracked 
| 163|0x000000070bf00000, 0x000000070bf00000, 0x000000070c000000|  0%| F|  |TAMS 0x000000070bf00000, 0x000000070bf00000| Untracked 
| 164|0x000000070c000000, 0x000000070c000000, 0x000000070c100000|  0%| F|  |TAMS 0x000000070c000000, 0x000000070c000000| Untracked 
| 165|0x000000070c100000, 0x000000070c100000, 0x000000070c200000|  0%| F|  |TAMS 0x000000070c100000, 0x000000070c100000| Untracked 
| 166|0x000000070c200000, 0x000000070c200000, 0x000000070c300000|  0%| F|  |TAMS 0x000000070c200000, 0x000000070c200000| Untracked 
| 167|0x000000070c300000, 0x000000070c300000, 0x000000070c400000|  0%| F|  |TAMS 0x000000070c300000, 0x000000070c300000| Untracked 
| 168|0x000000070c400000, 0x000000070c400000, 0x000000070c500000|  0%| F|  |TAMS 0x000000070c400000, 0x000000070c400000| Untracked 
| 169|0x000000070c500000, 0x000000070c500000, 0x000000070c600000|  0%| F|  |TAMS 0x000000070c500000, 0x000000070c500000| Untracked 
| 170|0x000000070c600000, 0x000000070c600000, 0x000000070c700000|  0%| F|  |TAMS 0x000000070c600000, 0x000000070c600000| Untracked 
| 171|0x000000070c700000, 0x000000070c700000, 0x000000070c800000|  0%| F|  |TAMS 0x000000070c700000, 0x000000070c700000| Untracked 
| 172|0x000000070c800000, 0x000000070c800000, 0x000000070c900000|  0%| F|  |TAMS 0x000000070c800000, 0x000000070c800000| Untracked 
| 173|0x000000070c900000, 0x000000070c900000, 0x000000070ca00000|  0%| F|  |TAMS 0x000000070c900000, 0x000000070c900000| Untracked 
| 174|0x000000070ca00000, 0x000000070ca00000, 0x000000070cb00000|  0%| F|  |TAMS 0x000000070ca00000, 0x000000070ca00000| Untracked 
| 175|0x000000070cb00000, 0x000000070cb00000, 0x000000070cc00000|  0%| F|  |TAMS 0x000000070cb00000, 0x000000070cb00000| Untracked 
| 176|0x000000070cc00000, 0x000000070cc00000, 0x000000070cd00000|  0%| F|  |TAMS 0x000000070cc00000, 0x000000070cc00000| Untracked 
| 177|0x000000070cd00000, 0x000000070cd00000, 0x000000070ce00000|  0%| F|  |TAMS 0x000000070cd00000, 0x000000070cd00000| Untracked 
| 178|0x000000070ce00000, 0x000000070ce00000, 0x000000070cf00000|  0%| F|  |TAMS 0x000000070ce00000, 0x000000070ce00000| Untracked 
| 179|0x000000070cf00000, 0x000000070cf00000, 0x000000070d000000|  0%| F|  |TAMS 0x000000070cf00000, 0x000000070cf00000| Untracked 
| 180|0x000000070d000000, 0x000000070d000000, 0x000000070d100000|  0%| F|  |TAMS 0x000000070d000000, 0x000000070d000000| Untracked 
| 181|0x000000070d100000, 0x000000070d100000, 0x000000070d200000|  0%| F|  |TAMS 0x000000070d100000, 0x000000070d100000| Untracked 
| 182|0x000000070d200000, 0x000000070d200000, 0x000000070d300000|  0%| F|  |TAMS 0x000000070d200000, 0x000000070d200000| Untracked 
| 183|0x000000070d300000, 0x000000070d300000, 0x000000070d400000|  0%| F|  |TAMS 0x000000070d300000, 0x000000070d300000| Untracked 
| 184|0x000000070d400000, 0x000000070d400000, 0x000000070d500000|  0%| F|  |TAMS 0x000000070d400000, 0x000000070d400000| Untracked 
| 185|0x000000070d500000, 0x000000070d500000, 0x000000070d600000|  0%| F|  |TAMS 0x000000070d500000, 0x000000070d500000| Untracked 
| 186|0x000000070d600000, 0x000000070d600000, 0x000000070d700000|  0%| F|  |TAMS 0x000000070d600000, 0x000000070d600000| Untracked 
| 187|0x000000070d700000, 0x000000070d700000, 0x000000070d800000|  0%| F|  |TAMS 0x000000070d700000, 0x000000070d700000| Untracked 
| 188|0x000000070d800000, 0x000000070d800000, 0x000000070d900000|  0%| F|  |TAMS 0x000000070d800000, 0x000000070d800000| Untracked 
| 189|0x000000070d900000, 0x000000070d900000, 0x000000070da00000|  0%| F|  |TAMS 0x000000070d900000, 0x000000070d900000| Untracked 
| 190|0x000000070da00000, 0x000000070da00000, 0x000000070db00000|  0%| F|  |TAMS 0x000000070da00000, 0x000000070da00000| Untracked 
| 191|0x000000070db00000, 0x000000070db00000, 0x000000070dc00000|  0%| F|  |TAMS 0x000000070db00000, 0x000000070db00000| Untracked 
| 192|0x000000070dc00000, 0x000000070dc00000, 0x000000070dd00000|  0%| F|  |TAMS 0x000000070dc00000, 0x000000070dc00000| Untracked 
| 193|0x000000070dd00000, 0x000000070dd00000, 0x000000070de00000|  0%| F|  |TAMS 0x000000070dd00000, 0x000000070dd00000| Untracked 
| 194|0x000000070de00000, 0x000000070de00000, 0x000000070df00000|  0%| F|  |TAMS 0x000000070de00000, 0x000000070de00000| Untracked 
| 195|0x000000070df00000, 0x000000070df00000, 0x000000070e000000|  0%| F|  |TAMS 0x000000070df00000, 0x000000070df00000| Untracked 
| 196|0x000000070e000000, 0x000000070e000000, 0x000000070e100000|  0%| F|  |TAMS 0x000000070e000000, 0x000000070e000000| Untracked 
| 197|0x000000070e100000, 0x000000070e100000, 0x000000070e200000|  0%| F|  |TAMS 0x000000070e100000, 0x000000070e100000| Untracked 
| 198|0x000000070e200000, 0x000000070e200000, 0x000000070e300000|  0%| F|  |TAMS 0x000000070e200000, 0x000000070e200000| Untracked 
| 199|0x000000070e300000, 0x000000070e300000, 0x000000070e400000|  0%| F|  |TAMS 0x000000070e300000, 0x000000070e300000| Untracked 
| 200|0x000000070e400000, 0x000000070e400000, 0x000000070e500000|  0%| F|  |TAMS 0x000000070e400000, 0x000000070e400000| Untracked 
| 201|0x000000070e500000, 0x000000070e500000, 0x000000070e600000|  0%| F|  |TAMS 0x000000070e500000, 0x000000070e500000| Untracked 
| 202|0x000000070e600000, 0x000000070e600000, 0x000000070e700000|  0%| F|  |TAMS 0x000000070e600000, 0x000000070e600000| Untracked 
| 203|0x000000070e700000, 0x000000070e700000, 0x000000070e800000|  0%| F|  |TAMS 0x000000070e700000, 0x000000070e700000| Untracked 
| 204|0x000000070e800000, 0x000000070e800000, 0x000000070e900000|  0%| F|  |TAMS 0x000000070e800000, 0x000000070e800000| Untracked 
| 205|0x000000070e900000, 0x000000070e900000, 0x000000070ea00000|  0%| F|  |TAMS 0x000000070e900000, 0x000000070e900000| Untracked 
| 206|0x000000070ea00000, 0x000000070ea00000, 0x000000070eb00000|  0%| F|  |TAMS 0x000000070ea00000, 0x000000070ea00000| Untracked 
| 207|0x000000070eb00000, 0x000000070eb00000, 0x000000070ec00000|  0%| F|  |TAMS 0x000000070eb00000, 0x000000070eb00000| Untracked 
| 208|0x000000070ec00000, 0x000000070ec00000, 0x000000070ed00000|  0%| F|  |TAMS 0x000000070ec00000, 0x000000070ec00000| Untracked 
| 209|0x000000070ed00000, 0x000000070ed00000, 0x000000070ee00000|  0%| F|  |TAMS 0x000000070ed00000, 0x000000070ed00000| Untracked 
| 210|0x000000070ee00000, 0x000000070ee00000, 0x000000070ef00000|  0%| F|  |TAMS 0x000000070ee00000, 0x000000070ee00000| Untracked 
| 211|0x000000070ef00000, 0x000000070ef00000, 0x000000070f000000|  0%| F|  |TAMS 0x000000070ef00000, 0x000000070ef00000| Untracked 
| 212|0x000000070f000000, 0x000000070f000000, 0x000000070f100000|  0%| F|  |TAMS 0x000000070f000000, 0x000000070f000000| Untracked 
| 213|0x000000070f100000, 0x000000070f100000, 0x000000070f200000|  0%| F|  |TAMS 0x000000070f100000, 0x000000070f100000| Untracked 
| 214|0x000000070f200000, 0x000000070f200000, 0x000000070f300000|  0%| F|  |TAMS 0x000000070f200000, 0x000000070f200000| Untracked 
| 215|0x000000070f300000, 0x000000070f300000, 0x000000070f400000|  0%| F|  |TAMS 0x000000070f300000, 0x000000070f300000| Untracked 
| 216|0x000000070f400000, 0x000000070f400000, 0x000000070f500000|  0%| F|  |TAMS 0x000000070f400000, 0x000000070f400000| Untracked 
| 217|0x000000070f500000, 0x000000070f500000, 0x000000070f600000|  0%| F|  |TAMS 0x000000070f500000, 0x000000070f500000| Untracked 
| 218|0x000000070f600000, 0x000000070f600000, 0x000000070f700000|  0%| F|  |TAMS 0x000000070f600000, 0x000000070f600000| Untracked 
| 219|0x000000070f700000, 0x000000070f700000, 0x000000070f800000|  0%| F|  |TAMS 0x000000070f700000, 0x000000070f700000| Untracked 
| 220|0x000000070f800000, 0x000000070f800000, 0x000000070f900000|  0%| F|  |TAMS 0x000000070f800000, 0x000000070f800000| Untracked 
| 221|0x000000070f900000, 0x000000070f900000, 0x000000070fa00000|  0%| F|  |TAMS 0x000000070f900000, 0x000000070f900000| Untracked 
| 222|0x000000070fa00000, 0x000000070fa00000, 0x000000070fb00000|  0%| F|  |TAMS 0x000000070fa00000, 0x000000070fa00000| Untracked 
| 223|0x000000070fb00000, 0x000000070fb00000, 0x000000070fc00000|  0%| F|  |TAMS 0x000000070fb00000, 0x000000070fb00000| Untracked 
| 224|0x000000070fc00000, 0x000000070fc00000, 0x000000070fd00000|  0%| F|  |TAMS 0x000000070fc00000, 0x000000070fc00000| Untracked 
| 225|0x000000070fd00000, 0x000000070fd00000, 0x000000070fe00000|  0%| F|  |TAMS 0x000000070fd00000, 0x000000070fd00000| Untracked 
| 226|0x000000070fe00000, 0x000000070fe00000, 0x000000070ff00000|  0%| F|  |TAMS 0x000000070fe00000, 0x000000070fe00000| Untracked 
| 227|0x000000070ff00000, 0x000000070ff00000, 0x0000000710000000|  0%| F|  |TAMS 0x000000070ff00000, 0x000000070ff00000| Untracked 
| 228|0x0000000710000000, 0x0000000710000000, 0x0000000710100000|  0%| F|  |TAMS 0x0000000710000000, 0x0000000710000000| Untracked 
| 229|0x0000000710100000, 0x0000000710100000, 0x0000000710200000|  0%| F|  |TAMS 0x0000000710100000, 0x0000000710100000| Untracked 
| 230|0x0000000710200000, 0x0000000710200000, 0x0000000710300000|  0%| F|  |TAMS 0x0000000710200000, 0x0000000710200000| Untracked 
| 231|0x0000000710300000, 0x0000000710300000, 0x0000000710400000|  0%| F|  |TAMS 0x0000000710300000, 0x0000000710300000| Untracked 
| 232|0x0000000710400000, 0x0000000710400000, 0x0000000710500000|  0%| F|  |TAMS 0x0000000710400000, 0x0000000710400000| Untracked 
| 233|0x0000000710500000, 0x0000000710500000, 0x0000000710600000|  0%| F|  |TAMS 0x0000000710500000, 0x0000000710500000| Untracked 
| 234|0x0000000710600000, 0x0000000710600000, 0x0000000710700000|  0%| F|  |TAMS 0x0000000710600000, 0x0000000710600000| Untracked 
| 235|0x0000000710700000, 0x0000000710700000, 0x0000000710800000|  0%| F|  |TAMS 0x0000000710700000, 0x0000000710700000| Untracked 
| 236|0x0000000710800000, 0x0000000710800000, 0x0000000710900000|  0%| F|  |TAMS 0x0000000710800000, 0x0000000710800000| Untracked 
| 237|0x0000000710900000, 0x0000000710900000, 0x0000000710a00000|  0%| F|  |TAMS 0x0000000710900000, 0x0000000710900000| Untracked 
| 238|0x0000000710a00000, 0x0000000710a00000, 0x0000000710b00000|  0%| F|  |TAMS 0x0000000710a00000, 0x0000000710a00000| Untracked 
| 239|0x0000000710b00000, 0x0000000710b00000, 0x0000000710c00000|  0%| F|  |TAMS 0x0000000710b00000, 0x0000000710b00000| Untracked 
| 240|0x0000000710c00000, 0x0000000710c00000, 0x0000000710d00000|  0%| F|  |TAMS 0x0000000710c00000, 0x0000000710c00000| Untracked 
| 241|0x0000000710d00000, 0x0000000710d00000, 0x0000000710e00000|  0%| F|  |TAMS 0x0000000710d00000, 0x0000000710d00000| Untracked 
| 242|0x0000000710e00000, 0x0000000710e00000, 0x0000000710f00000|  0%| F|  |TAMS 0x0000000710e00000, 0x0000000710e00000| Untracked 
| 243|0x0000000710f00000, 0x0000000710f00000, 0x0000000711000000|  0%| F|  |TAMS 0x0000000710f00000, 0x0000000710f00000| Untracked 
| 244|0x0000000711000000, 0x0000000711000000, 0x0000000711100000|  0%| F|  |TAMS 0x0000000711000000, 0x0000000711000000| Untracked 
| 245|0x0000000711100000, 0x0000000711100000, 0x0000000711200000|  0%| F|  |TAMS 0x0000000711100000, 0x0000000711100000| Untracked 
| 246|0x0000000711200000, 0x0000000711200000, 0x0000000711300000|  0%| F|  |TAMS 0x0000000711200000, 0x0000000711200000| Untracked 
| 247|0x0000000711300000, 0x0000000711300000, 0x0000000711400000|  0%| F|  |TAMS 0x0000000711300000, 0x0000000711300000| Untracked 
| 248|0x0000000711400000, 0x0000000711400000, 0x0000000711500000|  0%| F|  |TAMS 0x0000000711400000, 0x0000000711400000| Untracked 
| 249|0x0000000711500000, 0x0000000711500000, 0x0000000711600000|  0%| F|  |TAMS 0x0000000711500000, 0x0000000711500000| Untracked 
| 250|0x0000000711600000, 0x0000000711700000, 0x0000000711700000|100%| E|  |TAMS 0x0000000711600000, 0x0000000711600000| Complete 
| 251|0x0000000711700000, 0x0000000711800000, 0x0000000711800000|100%| E|CS|TAMS 0x0000000711700000, 0x0000000711700000| Complete 
| 252|0x0000000711800000, 0x0000000711900000, 0x0000000711900000|100%| E|CS|TAMS 0x0000000711800000, 0x0000000711800000| Complete 
| 253|0x0000000711900000, 0x0000000711a00000, 0x0000000711a00000|100%| E|CS|TAMS 0x0000000711900000, 0x0000000711900000| Complete 
| 254|0x0000000711a00000, 0x0000000711b00000, 0x0000000711b00000|100%| E|CS|TAMS 0x0000000711a00000, 0x0000000711a00000| Complete 
| 255|0x0000000711b00000, 0x0000000711c00000, 0x0000000711c00000|100%| E|CS|TAMS 0x0000000711b00000, 0x0000000711b00000| Complete 

Card table byte_map: [0x00000291e10f0000,0x00000291e18f0000] _byte_map_base: 0x00000291dd8e2000

Marking Bits (Prev, Next): (CMBitMap*) 0x00000291c8fc7aa8, (CMBitMap*) 0x00000291c8fc7ae0
 Prev Bits: [0x00000291e20f0000, 0x00000291e6080000)
 Next Bits: [0x00000291e6080000, 0x00000291ea010000)

Polling page: 0x00000291c7660000

Metaspace:

Usage:
  Non-class:      6.32 MB capacity,     6.28 MB (>99%) used,    33.92 KB ( <1%) free+waste,     5.94 KB ( <1%) overhead. 
      Class:    655.00 KB capacity,   611.02 KB ( 93%) used,    41.05 KB (  6%) free+waste,     2.94 KB ( <1%) overhead. 
       Both:      6.96 MB capacity,     6.88 MB ( 99%) used,    74.97 KB (  1%) free+waste,     8.88 KB ( <1%) overhead. 

Virtual space:
  Non-class space:        8.00 MB reserved,       6.50 MB ( 81%) committed 
      Class space:        1.00 GB reserved,     768.00 KB ( <1%) committed 
             Both:        1.01 GB reserved,       7.25 MB ( <1%) committed 

Chunk freelists:
   Non-Class:  0 bytes
       Class:  0 bytes
        Both:  0 bytes

CodeHeap 'non-profiled nmethods': size=120064Kb used=105Kb max_used=105Kb free=119958Kb
 bounds [0x00000291d8d90000, 0x00000291d9000000, 0x00000291e02d0000]
CodeHeap 'profiled nmethods': size=120000Kb used=674Kb max_used=674Kb free=119325Kb
 bounds [0x00000291d1860000, 0x00000291d1ad0000, 0x00000291d8d90000]
CodeHeap 'non-nmethods': size=5696Kb used=1211Kb max_used=1224Kb free=4484Kb
 bounds [0x00000291d12d0000, 0x00000291d1540000, 0x00000291d1860000]
 total_blobs=884 nmethods=350 adapters=369
 compilation: enabled
              stopped_count=0, restarted_count=0
 full_count=0

Compilation events (10 events):
Event: 0.788 Thread 0x00000291ecff7000  291       3       java.lang.invoke.MethodType$ConcurrentWeakInternSet::get (54 bytes)
Event: 0.788 Thread 0x00000291ecff7000 nmethod 291 0x00000291d18ebd10 code [0x00000291d18ebfa0, 0x00000291d18ecda0]
Event: 0.790 Thread 0x00000291ecff7000  294       3       jdk.internal.math.FDBigInteger::mult (64 bytes)
Event: 0.791 Thread 0x00000291ecff7000 nmethod 294 0x00000291d18ed210 code [0x00000291d18ed3e0, 0x00000291d18ed698]
Event: 0.791 Thread 0x00000291ecff7000  295       3       jdk.internal.math.FDBigInteger::<init> (30 bytes)
Event: 0.791 Thread 0x00000291ecff7000 nmethod 295 0x00000291d18ed890 code [0x00000291d18eda60, 0x00000291d18edcd0]
Event: 0.791 Thread 0x00000291ecff7000  296       3       jdk.internal.math.FDBigInteger::trimLeadingZeros (57 bytes)
Event: 0.791 Thread 0x00000291ecff7000 nmethod 296 0x00000291d18ede10 code [0x00000291d18edfe0, 0x00000291d18ee338]
Event: 0.791 Thread 0x00000291ecff7000  297       3       java.util.Collections$UnmodifiableCollection$1::next (10 bytes)
Event: 0.791 Thread 0x00000291ecff7000 nmethod 297 0x00000291d18ee490 code [0x00000291d18ee660, 0x00000291d18ee890]

GC Heap History (0 events):
No events

Deoptimization events (1 events):
Event: 0.306 Thread 0x00000291c8f63800 Uncommon trap: reason=unstable_if action=reinterpret pc=0x00000291d8d95324 method=java.lang.String.hashCode()I @ 14 c2

Classes redefined (0 events):
No events

Internal exceptions (2 events):
Event: 0.685 Thread 0x00000291c8f63800 Exception <a 'java/lang/NoSuchMethodError'{0x00000007119f8168}: java.lang.invoke.DirectMethodHandle$Holder.invokeSpecial(Ljava/lang/Object;Ljava/lang/Object;)V> (0x00000007119f8168) thrown at [t:/workspace/open/src/hotspot/share/interpreter/linkResolver.c
Event: 0.689 Thread 0x00000291c8f63800 Exception <a 'java/lang/NoSuchMethodError'{0x0000000711806fc0}: java.lang.invoke.DirectMethodHandle$Holder.invokeStaticInit(Ljava/lang/Object;)V> (0x0000000711806fc0) thrown at [t:/workspace/open/src/hotspot/share/interpreter/linkResolver.cpp, line 772]

Events (10 events):
Event: 0.789 loading class jdk/internal/math/FloatingDecimal$1
Event: 0.789 loading class jdk/internal/math/FloatingDecimal$1 done
Event: 0.789 loading class jdk/internal/math/FloatingDecimal$PreparedASCIIToBinaryBuffer
Event: 0.789 loading class jdk/internal/math/FloatingDecimal$ASCIIToBinaryConverter
Event: 0.790 loading class jdk/internal/math/FloatingDecimal$ASCIIToBinaryConverter done
Event: 0.790 loading class jdk/internal/math/FloatingDecimal$PreparedASCIIToBinaryBuffer done
Event: 0.790 loading class jdk/internal/math/FDBigInteger
Event: 0.790 loading class jdk/internal/math/FDBigInteger done
Event: 0.791 loading class java/lang/StackTraceElement$HashedModules
Event: 0.791 loading class java/lang/StackTraceElement$HashedModules done


Dynamic libraries:
0x00007ff651150000 - 0x00007ff651195000 	C:\Users\Public\frc2019\jdk\bin\java.exe
0x00007ffa2e4f0000 - 0x00007ffa2e6d1000 	C:\WINDOWS\SYSTEM32\ntdll.dll
0x00007ffa2d940000 - 0x00007ffa2d9f2000 	C:\WINDOWS\System32\KERNEL32.DLL
0x00007ffa2b700000 - 0x00007ffa2b973000 	C:\WINDOWS\System32\KERNELBASE.dll
0x00007ffa2e2b0000 - 0x00007ffa2e440000 	C:\WINDOWS\System32\USER32.dll
0x00007ffa2b6e0000 - 0x00007ffa2b700000 	C:\WINDOWS\System32\win32u.dll
0x00007ffa2d800000 - 0x00007ffa2d828000 	C:\WINDOWS\System32\GDI32.dll
0x00007ffa2abd0000 - 0x00007ffa2ad62000 	C:\WINDOWS\System32\gdi32full.dll
0x00007ffa2a8c0000 - 0x00007ffa2a95f000 	C:\WINDOWS\System32\msvcp_win.dll
0x00007ffa2ad70000 - 0x00007ffa2ae6a000 	C:\WINDOWS\System32\ucrtbase.dll
0x00007ffa15ad0000 - 0x00007ffa15d39000 	C:\WINDOWS\WinSxS\amd64_microsoft.windows.common-controls_6595b64144ccf1df_6.0.17134.472_none_fb3f9af53068156d\COMCTL32.dll
0x00007ffa2bc80000 - 0x00007ffa2bd1e000 	C:\WINDOWS\System32\msvcrt.dll
0x00007ffa2da00000 - 0x00007ffa2dd22000 	C:\WINDOWS\System32\combase.dll
0x00007ffa2d630000 - 0x00007ffa2d754000 	C:\WINDOWS\System32\RPCRT4.dll
0x00007ffa2ab50000 - 0x00007ffa2abca000 	C:\WINDOWS\System32\bcryptPrimitives.dll
0x00007ffa2d890000 - 0x00007ffa2d8bd000 	C:\WINDOWS\System32\IMM32.DLL
0x00007ffa1ed60000 - 0x00007ffa1ed76000 	C:\Users\Public\frc2019\jdk\bin\vcruntime140.dll
0x00007ff9ff2e0000 - 0x00007ff9ff37b000 	C:\Users\Public\frc2019\jdk\bin\msvcp140.dll
0x00007ff9e5fd0000 - 0x00007ff9e6b11000 	C:\Users\Public\frc2019\jdk\bin\server\jvm.dll
0x00007ffa2be10000 - 0x00007ffa2beb1000 	C:\WINDOWS\System32\ADVAPI32.dll
0x00007ffa2d8c0000 - 0x00007ffa2d91b000 	C:\WINDOWS\System32\sechost.dll
0x00007ffa2d620000 - 0x00007ffa2d628000 	C:\WINDOWS\System32\PSAPI.DLL
0x00007ffa1fc60000 - 0x00007ffa1fc83000 	C:\WINDOWS\SYSTEM32\WINMM.dll
0x00007ffa1c6b0000 - 0x00007ffa1c6b9000 	C:\WINDOWS\SYSTEM32\WSOCK32.dll
0x00007ffa193e0000 - 0x00007ffa193ea000 	C:\WINDOWS\SYSTEM32\VERSION.dll
0x00007ffa2e240000 - 0x00007ffa2e2ac000 	C:\WINDOWS\System32\WS2_32.dll
0x00007ffa1f5f0000 - 0x00007ffa1f61a000 	C:\WINDOWS\SYSTEM32\winmmbase.dll
0x00007ffa2ae70000 - 0x00007ffa2aeb9000 	C:\WINDOWS\System32\cfgmgr32.dll
0x00007ffa2a8a0000 - 0x00007ffa2a8b1000 	C:\WINDOWS\System32\kernel.appcore.dll
0x00007ffa1e950000 - 0x00007ffa1e961000 	C:\Users\Public\frc2019\jdk\bin\verify.dll
0x00007ffa26850000 - 0x00007ffa26a19000 	C:\WINDOWS\SYSTEM32\DBGHELP.DLL
0x00007ffa267e0000 - 0x00007ffa26809000 	C:\WINDOWS\SYSTEM32\dbgcore.DLL
0x00007ffa1e1e0000 - 0x00007ffa1e208000 	C:\Users\Public\frc2019\jdk\bin\java.dll
0x00007ffa01e50000 - 0x00007ffa01e87000 	C:\Users\Public\frc2019\jdk\bin\jdwp.dll
0x00007ffa179e0000 - 0x00007ffa179f6000 	C:\Users\Public\frc2019\jdk\bin\zip.dll
0x00007ffa25720000 - 0x00007ffa2572a000 	C:\Users\Public\frc2019\jdk\bin\jimage.dll
0x00007ffa2c1e0000 - 0x00007ffa2d620000 	C:\WINDOWS\System32\SHELL32.dll
0x00007ffa2dd40000 - 0x00007ffa2dde9000 	C:\WINDOWS\System32\shcore.dll
0x00007ffa2af20000 - 0x00007ffa2b62d000 	C:\WINDOWS\System32\windows.storage.dll
0x00007ffa2d830000 - 0x00007ffa2d881000 	C:\WINDOWS\System32\shlwapi.dll
0x00007ffa2a830000 - 0x00007ffa2a84f000 	C:\WINDOWS\System32\profapi.dll
0x00007ffa2a850000 - 0x00007ffa2a89c000 	C:\WINDOWS\System32\powrprof.dll
0x00007ffa2a820000 - 0x00007ffa2a82a000 	C:\WINDOWS\System32\FLTLIB.DLL
0x00007ffa20f50000 - 0x00007ffa20f5a000 	C:\Users\Public\frc2019\jdk\bin\dt_socket.dll
0x00007ffa2a080000 - 0x00007ffa2a0e6000 	C:\WINDOWS\System32\mswsock.dll
0x00007ffa29e40000 - 0x00007ffa29efe000 	C:\WINDOWS\SYSTEM32\DNSAPI.dll
0x00007ffa2c050000 - 0x00007ffa2c058000 	C:\WINDOWS\System32\NSI.dll
0x00007ffa29e00000 - 0x00007ffa29e38000 	C:\WINDOWS\SYSTEM32\IPHLPAPI.DLL
0x00000000560e0000 - 0x00000000560ea000 	C:\Program Files\National Instruments\Shared\mDNS Responder\nimdnsNSP.dll
0x0000000055d20000 - 0x0000000055d30000 	C:\WINDOWS\SYSTEM32\nimdnsResponder.dll
0x00007ffa24310000 - 0x00007ffa24382000 	C:\WINDOWS\System32\fwpuclnt.dll
0x00007ffa2a360000 - 0x00007ffa2a385000 	C:\WINDOWS\SYSTEM32\bcrypt.dll
0x00007ffa228c0000 - 0x00007ffa228ca000 	C:\Windows\System32\rasadhlp.dll
0x00007ffa17920000 - 0x00007ffa17939000 	C:\Users\Public\frc2019\jdk\bin\net.dll
0x00007ffa23d00000 - 0x00007ffa23ddd000 	C:\WINDOWS\SYSTEM32\WINHTTP.dll
0x00007ffa17900000 - 0x00007ffa17913000 	C:\Users\Public\frc2019\jdk\bin\nio.dll
0x00007ff9fd410000 - 0x00007ff9fd471000 	C:\Users\Emily\Documents\workspace-emily\Climber_v1\build\tmp\jniExtractDir\wpiHaljni.dll
0x00007ff9fb1a0000 - 0x00007ff9fb20f000 	C:\Users\Emily\Documents\workspace-emily\Climber_v1\build\tmp\jniExtractDir\wpiHal.dll
0x00007ff9f7f70000 - 0x00007ff9f80ac000 	C:\Users\Emily\Documents\workspace-emily\Climber_v1\build\tmp\jniExtractDir\wpiutil.dll
0x00007ffa2bb20000 - 0x00007ffa2bc71000 	C:\WINDOWS\System32\ole32.dll
0x00007ffa2a700000 - 0x00007ffa2a728000 	C:\WINDOWS\SYSTEM32\USERENV.dll
0x00007ffa11db0000 - 0x00007ffa11dc6000 	C:\Users\Emily\Documents\workspace-emily\Climber_v1\build\tmp\jniExtractDir\cscorejni.dll
0x00007ff9f97f0000 - 0x00007ff9f987e000 	C:\Users\Emily\Documents\workspace-emily\Climber_v1\build\tmp\jniExtractDir\cscore.dll
0x00007ff9ddae0000 - 0x00007ff9ddddc000 	C:\Users\Emily\Documents\workspace-emily\Climber_v1\build\tmp\jniExtractDir\opencv_core344.dll
0x00007ff9f5e80000 - 0x00007ff9f5f5c000 	C:\Users\Emily\Documents\workspace-emily\Climber_v1\build\tmp\jniExtractDir\opencv_imgcodecs344.dll
0x00007ff9db3b0000 - 0x00007ff9db760000 	C:\Users\Emily\Documents\workspace-emily\Climber_v1\build\tmp\jniExtractDir\opencv_imgproc344.dll
0x00007ffa24960000 - 0x00007ffa24b3b000 	C:\WINDOWS\SYSTEM32\MFPlat.DLL
0x00007ff9dd9e0000 - 0x00007ff9ddad8000 	C:\WINDOWS\SYSTEM32\MFReadWrite.dll
0x00007ffa20970000 - 0x00007ffa209eb000 	C:\WINDOWS\SYSTEM32\MF.dll
0x00007ff9e5ba0000 - 0x00007ff9e5fce000 	C:\WINDOWS\SYSTEM32\MFCORE.DLL
0x00007ffa2a960000 - 0x00007ffa2ab42000 	C:\WINDOWS\System32\CRYPT32.dll
0x00007ffa2a800000 - 0x00007ffa2a812000 	C:\WINDOWS\System32\MSASN1.dll
0x00007ffa24050000 - 0x00007ffa24059000 	C:\WINDOWS\SYSTEM32\ksuser.dll
0x00007ffa2a250000 - 0x00007ffa2a25b000 	C:\WINDOWS\SYSTEM32\CRYPTBASE.DLL
0x00007ff9fab40000 - 0x00007ff9fab91000 	C:\Users\Public\frc2019\jdk\bin\CONCRT140.dll
0x00007ffa24810000 - 0x00007ffa2483e000 	C:\WINDOWS\SYSTEM32\RTWorkQ.DLL
0x00007ff9db230000 - 0x00007ff9db3a8000 	C:\Users\Emily\Documents\workspace-emily\Climber_v1\build\tmp\jniExtractDir\opencv_java344.dll
0x00007ff9dd910000 - 0x00007ff9dd9da000 	C:\Users\Emily\Documents\workspace-emily\Climber_v1\build\tmp\jniExtractDir\opencv_ml344.dll
0x00007ff9f5de0000 - 0x00007ff9f5e7b000 	C:\Users\Emily\Documents\workspace-emily\Climber_v1\build\tmp\jniExtractDir\opencv_objdetect344.dll
0x00007ff9d5710000 - 0x00007ff9d590f000 	C:\Users\Emily\Documents\workspace-emily\Climber_v1\build\tmp\jniExtractDir\opencv_calib3d344.dll
0x00007ff9dc690000 - 0x00007ff9dc756000 	C:\Users\Emily\Documents\workspace-emily\Climber_v1\build\tmp\jniExtractDir\opencv_features2d344.dll
0x00007ff9f9760000 - 0x00007ff9f97e8000 	C:\Users\Emily\Documents\workspace-emily\Climber_v1\build\tmp\jniExtractDir\opencv_flann344.dll
0x00007ff9f9470000 - 0x00007ff9f94d7000 	C:\Users\Emily\Documents\workspace-emily\Climber_v1\build\tmp\jniExtractDir\opencv_video344.dll
0x00007ff9d5610000 - 0x00007ff9d5705000 	C:\Users\Emily\Documents\workspace-emily\Climber_v1\build\tmp\jniExtractDir\opencv_photo344.dll
0x00007ff9f7ef0000 - 0x00007ff9f7f6f000 	C:\Users\Emily\Documents\workspace-emily\Climber_v1\build\tmp\jniExtractDir\opencv_videoio344.dll
0x00007ffa2bec0000 - 0x00007ffa2bf82000 	C:\WINDOWS\System32\OLEAUT32.dll
0x00007ffa11990000 - 0x00007ffa119a7000 	C:\Users\Emily\Documents\workspace-emily\Climber_v1\build\tmp\jniExtractDir\ntcorejni.dll
0x00007ff9d5560000 - 0x00007ff9d5606000 	C:\Users\Emily\Documents\workspace-emily\Climber_v1\build\tmp\jniExtractDir\ntcore.dll
0x00007ff9db1c0000 - 0x00007ff9db226000 	C:\Users\Emily\Documents\workspace-emily\Climber_v1\build\tmp\jniExtractDir\CTRE_PhoenixCCI.dll
0x00007ff9d54d0000 - 0x00007ff9d555b000 	C:\Users\Emily\Documents\workspace-emily\Climber_v1\build\tmp\jniExtractDir\CTRE_PhoenixCanutils.dll
0x00007ffa1eee0000 - 0x00007ffa1eee8000 	C:\Users\Emily\Documents\workspace-emily\Climber_v1\build\tmp\jniExtractDir\CTRE_PhoenixPlatform.dll
0x00007ffa243b0000 - 0x00007ffa243bb000 	C:\WINDOWS\SYSTEM32\WINNSI.DLL
0x00007ffa23850000 - 0x00007ffa23866000 	C:\WINDOWS\SYSTEM32\dhcpcsvc6.DLL
0x00007ffa23710000 - 0x00007ffa2372a000 	C:\WINDOWS\SYSTEM32\dhcpcsvc.DLL
0x00007ffa28ea0000 - 0x00007ffa28f38000 	C:\WINDOWS\system32\uxtheme.dll
0x00007ffa28f70000 - 0x00007ffa28f99000 	C:\WINDOWS\system32\dwmapi.dll
0x00007ffa2d760000 - 0x00007ffa2d800000 	C:\WINDOWS\System32\clbcatq.dll
0x00007ff9e5b50000 - 0x00007ff9e5b9d000 	C:\Windows\System32\FSClient.dll
0x00007ff9dc640000 - 0x00007ff9dc68e000 	C:\Windows\System32\MFSENSORGROUP.dll
0x00007ffa295c0000 - 0x00007ffa2967b000 	C:\Windows\System32\dxgi.dll
0x00007ffa27ed0000 - 0x00007ffa281db000 	C:\Windows\System32\d3d11.dll
0x00007ffa247f0000 - 0x00007ffa247fa000 	C:\WINDOWS\SYSTEM32\AVRT.dll

dbghelp: loaded successfully - version: 4.0.5 - missing functions: none
symbol engine: initialized successfully - sym options: 0x614 - pdb path: .;C:\Users\Public\frc2019\jdk\bin;C:\WINDOWS\SYSTEM32;C:\WINDOWS\WinSxS\amd64_microsoft.windows.common-controls_6595b64144ccf1df_6.0.17134.472_none_fb3f9af53068156d;C:\Users\Public\frc2019\jdk\bin\server;C:\Program Files\National Instruments\Shared\mDNS Responder;C:\Users\Emily\Documents\workspace-emily\Climber_v1\build\tmp\jniExtractDir

VM Arguments:
jvm_args: -agentlib:jdwp=transport=dt_socket,server=n,suspend=y,address=localhost:60078 -Djava.library.path=C:\Users\Emily\Documents\workspace-emily\Climber_v1\build\tmp\jniExtractDir -Dfile.encoding=UTF-8 
java_command: frc.robot.Main
java_class_path (initial): C:\Users\Emily\Documents\workspace-emily\Climber_v1\bin\main;C:\Users\Public\frc2019\maven\edu\wpi\first\wpilibj\wpilibj-java\2019.3.1\wpilibj-java-2019.3.1.jar;C:\Users\Public\frc2019\maven\edu\wpi\first\ntcore\ntcore-java\2019.3.1\ntcore-java-2019.3.1.jar;C:\Users\Public\frc2019\maven\edu\wpi\first\wpiutil\wpiutil-java\2019.3.1\wpiutil-java-2019.3.1.jar;C:\Users\Public\frc2019\maven\edu\wpi\first\thirdparty\frc2019\opencv\opencv-java\3.4.4-4\opencv-java-3.4.4-4.jar;C:\Users\Public\frc2019\maven\edu\wpi\first\cscore\cscore-java\2019.3.1\cscore-java-2019.3.1.jar;C:\Users\Public\frc2019\maven\edu\wpi\first\cameraserver\cameraserver-java\2019.3.1\cameraserver-java-2019.3.1.jar;C:\Users\Public\frc2019\maven\edu\wpi\first\hal\hal-java\2019.3.1\hal-java-2019.3.1.jar;C:\Users\Public\frc2019\maven\com\ctre\phoenix\api-java\5.14.0\api-java-5.14.0.jar;C:\Users\Public\frc2019\maven\com\ctre\phoenix\wpiapi-java\5.14.0\wpiapi-java-5.14.0.jar;C:\Users\Emily\.gradle\caches\modules-2\files-2.1\junit\junit\4.12\2973d150c0dc1fefe998f834810d68f278ea58ec\junit-4.12.jar;C:\Users\Emily\.gradle\caches\modules-2\files-2.1\org.hamcrest\hamcrest-core\1.3\42a25dc3219429f0e5d060061f71acb49bf010a0\hamcrest-core-1.3.jar
Launcher Type: SUN_STANDARD

[Global flags]
     intx CICompilerCount                          = 3                                         {product} {ergonomic}
     uint ConcGCThreads                            = 1                                         {product} {ergonomic}
     uint G1ConcRefinementThreads                  = 4                                         {product} {ergonomic}
   size_t G1HeapRegionSize                         = 1048576                                   {product} {ergonomic}
    uintx GCDrainStackTargetSize                   = 64                                        {product} {ergonomic}
   size_t InitialHeapSize                          = 268435456                                 {product} {ergonomic}
   size_t MarkStackSize                            = 4194304                                   {product} {ergonomic}
   size_t MaxHeapSize                              = 4265607168                                {product} {ergonomic}
   size_t MaxNewSize                               = 2558525440                                {product} {ergonomic}
   size_t MinHeapDeltaBytes                        = 1048576                                   {product} {ergonomic}
    uintx NonNMethodCodeHeapSize                   = 5830092                                {pd product} {ergonomic}
    uintx NonProfiledCodeHeapSize                  = 122914074                              {pd product} {ergonomic}
    uintx ProfiledCodeHeapSize                     = 122914074                              {pd product} {ergonomic}
    uintx ReservedCodeCacheSize                    = 251658240                              {pd product} {ergonomic}
     bool SegmentedCodeCache                       = true                                      {product} {ergonomic}
     bool UseCompressedClassPointers               = true                                 {lp64_product} {ergonomic}
     bool UseCompressedOops                        = true                                 {lp64_product} {ergonomic}
     bool UseG1GC                                  = true                                      {product} {ergonomic}
     bool UseLargePagesIndividualAllocation        = false                                  {pd product} {ergonomic}

Logging:
Log output configuration:
 #0: stdout all=warning uptime,level,tags
 #1: stderr all=off uptime,level,tags

Environment Variables:
JAVA_HOME=C:\Users\Public\frc2019\jdk
PATH=C:\Users\Emily\Documents\workspace-emily\Climber_v1\build\tmp\jniExtractDir
USERNAME=Emily
LD_LIBRARY_PATH=C:\Users\Emily\Documents\workspace-emily\Climber_v1\build\tmp\jniExtractDir
DYLD_LIBRARY_PATH=C:\Users\Emily\Documents\workspace-emily\Climber_v1\build\tmp\jniExtractDir
OS=Windows_NT
PROCESSOR_IDENTIFIER=Intel64 Family 6 Model 142 Stepping 9, GenuineIntel



---------------  S Y S T E M  ---------------

OS: Windows 10 , 64 bit Build 17134 (10.0.17134.1)

CPU:total 4 (initial active 4) (2 cores per cpu, 2 threads per core) family 6 model 142 stepping 9, cmov, cx8, fxsr, mmx, sse, sse2, sse3, ssse3, sse4.1, sse4.2, popcnt, avx, avx2, aes, clmul, erms, 3dnowpref, lzcnt, ht, tsc, tscinvbit, bmi1, bmi2, adx, fma

Memory: 4k page, system-wide physical 16265M (8933M free)
TotalPageFile size 18697M (AvailPageFile size 8698M)
current process WorkingSet (physical memory assigned to process): 61M, peak: 61M
current process commit charge ("private bytes"): 343M, peak: 343M

vm_info: OpenJDK 64-Bit Server VM (11.0.1+13) for windows-amd64 JRE (11.0.1+13), built on Oct  6 2018 13:18:13 by "mach5one" with MS VC++ 15.5 (VS2017)

END.
